<?xml version="1.0" encoding="UTF-8"?>
<!-- Generated by org.testng.reporters.JUnitXMLReporter -->
<testsuite ignored="4" hostname="AjayNamala" failures="0" tests="1" name="Default test" time="6.15" errors="0" timestamp="2025-08-17T09:45:16 IST">
  <testcase classname="Tests.test" name="ABC4" time="0.243"/>
  <testcase classname="Tests.test" name="ABC5" time="0.0">
    <ignored/>
  </testcase> <!-- ABC5 -->
  <testcase classname="Tests.test" name="ABC3" time="0.0">
    <ignored/>
  </testcase> <!-- ABC3 -->
  <testcase classname="Tests.test" name="ABC2" time="0.0">
    <ignored/>
  </testcase> <!-- ABC2 -->
  <testcase classname="Tests.test" name="ABC1" time="0.0">
    <ignored/>
  </testcase> <!-- ABC1 -->
</testsuite> <!-- Default test -->
