<?xml version="1.0" encoding="UTF-8"?>
<!-- Generated by org.testng.reporters.JUnitXMLReporter -->
<testsuite ignored="0" hostname="AjayNamala" failures="0" tests="6" name="Test" time="18.744" errors="0" timestamp="2025-08-18T19:50:17 IST">
  <testcase classname="Tests.test" name="ABC2" time="2.303"/>
  <testcase classname="Tests.test" name="ABC4" time="2.43"/>
  <testcase classname="Tests.test" name="ABC3" time="2.573"/>
  <testcase classname="Tests.test" name="ABC5" time="1.429"/>
  <testcase classname="Tests.test" name="ABC1" time="1.912">
    <skipped/>
  </testcase> <!-- ABC1 -->
  <testcase classname="Tests.test" name="ABC1" time="0.172"/>
</testsuite> <!-- Test -->
