<?xml version="1.0" encoding="UTF-8"?>
<!-- Generated by org.testng.reporters.JUnitXMLReporter -->
<testsuite ignored="0" hostname="AjayNamala" failures="1" tests="1" name="Test" time="5.601" errors="0" timestamp="2025-08-14T13:32:35 IST">
  <testcase classname="Test.test" name="ABC" time="0.036">
    <failure type="java.lang.AssertionError" message="expected [false] but found [true]">
      <![CDATA[java.lang.AssertionError: expected [false] but found [true]
at Test.test.ABC(test.java:18)
at java.base/java.util.ArrayList.forEach(ArrayList.java:1596)
... Removed 29 stack frames]]>
    </failure>
  </testcase> <!-- ABC -->
</testsuite> <!-- Test -->
